<?xml version="1.0" encoding="UTF-8"?>
<testsuite xmlns:xsi="http://www.w3.org/2001/XMLSchema-instance" xsi:schemaLocation="https://maven.apache.org/surefire/maven-surefire-plugin/xsd/surefire-test-report.xsd" name="TestSuite" time="3.094" tests="2" errors="0" skipped="0" failures="2">
  <properties>
[...]
</properties>
  <testcase name="getAPITestwithoutHeaders" classname="com.qa.test.GetAPITest" time="0.79">
    <failure message="expected [3] but found [6]" type="java.lang.AssertionError">java.lang.AssertionError: expected [3] but found [6]
	at com.qa.test.GetAPITest.getAPITestwithoutHeaders(GetAPITest.java:65)
</failure>
    <system-out><![CDATA[status code::::=>200
Response JSON from API:::=>{"per_page":6,"total":12,"data":[{"last_name":"Bluth","id":1,"avatar":"https://reqres.in/img/faces/1-image.jpg","first_name":"George","email":"george.bluth@reqres.in"},{"last_name":"Weaver","id":2,"avatar":"https://reqres.in/img/faces/2-image.jpg","first_name":"Janet","email":"janet.weaver@reqres.in"},{"last_name":"Wong","id":3,"avatar":"https://reqres.in/img/faces/3-image.jpg","first_name":"Emma","email":"emma.wong@reqres.in"},{"last_name":"Holt","id":4,"avatar":"https://reqres.in/img/faces/4-image.jpg","first_name":"Eve","email":"eve.holt@reqres.in"},{"last_name":"Morris","id":5,"avatar":"https://reqres.in/img/faces/5-image.jpg","first_name":"Charles","email":"charles.morris@reqres.in"},{"last_name":"Ramos","id":6,"avatar":"https://reqres.in/img/faces/6-image.jpg","first_name":"Tracey","email":"tracey.ramos@reqres.in"}],"page":1,"total_pages":2,"support":{"text":"To keep ReqRes free, contributions towards server costs are appreciated!","url":"https://reqres.in/#support-heading"}}
value of total::=>12
value of per page::=>6
]]></system-out>
  </testcase>
  <testcase name="getAPITestwithHeaders" classname="com.qa.test.GetAPITest" time="0.128">
    <failure message="expected [3] but found [6]" type="java.lang.AssertionError">java.lang.AssertionError: expected [3] but found [6]
	at com.qa.test.GetAPITest.getAPITestwithHeaders(GetAPITest.java:121)
</failure>
    <system-out><![CDATA[status code::::=>200
Response JSON from API:::=>{"per_page":6,"total":12,"data":[{"last_name":"Bluth","id":1,"avatar":"https://reqres.in/img/faces/1-image.jpg","first_name":"George","email":"george.bluth@reqres.in"},{"last_name":"Weaver","id":2,"avatar":"https://reqres.in/img/faces/2-image.jpg","first_name":"Janet","email":"janet.weaver@reqres.in"},{"last_name":"Wong","id":3,"avatar":"https://reqres.in/img/faces/3-image.jpg","first_name":"Emma","email":"emma.wong@reqres.in"},{"last_name":"Holt","id":4,"avatar":"https://reqres.in/img/faces/4-image.jpg","first_name":"Eve","email":"eve.holt@reqres.in"},{"last_name":"Morris","id":5,"avatar":"https://reqres.in/img/faces/5-image.jpg","first_name":"Charles","email":"charles.morris@reqres.in"},{"last_name":"Ramos","id":6,"avatar":"https://reqres.in/img/faces/6-image.jpg","first_name":"Tracey","email":"tracey.ramos@reqres.in"}],"page":1,"total_pages":2,"support":{"text":"To keep ReqRes free, contributions towards server costs are appreciated!","url":"https://reqres.in/#support-heading"}}
value of total::=>12
value of per page::=>6
]]></system-out>
  </testcase>
</testsuite>