<?xml version="1.0" encoding="UTF-8"?>
<testng-results ignored="0" total="1" passed="1" failed="0" skipped="0">
  <reporter-output>
  </reporter-output>
  <suite started-at="2019-08-10T14:45:44Z" name="Default suite" finished-at="2019-08-10T14:45:46Z" duration-ms="1628">
    <groups>
    </groups>
    <test started-at="2019-08-10T14:45:44Z" name="Default test" finished-at="2019-08-10T14:45:46Z" duration-ms="1628">
      <class name="com.qa.test.PostAPITest">
        <test-method is-config="true" signature="setup()[pri:0, instance:com.qa.test.PostAPITest@2b546384]" started-at="2019-08-10T20:15:44Z" name="setup" finished-at="2019-08-10T20:15:44Z" duration-ms="16" status="PASS">
          <reporter-output>
          </reporter-output>
        </test-method> <!-- setup -->
        <test-method signature="postApiTest()[pri:0, instance:com.qa.test.PostAPITest@2b546384]" started-at="2019-08-10T20:15:44Z" name="postApiTest" finished-at="2019-08-10T20:15:46Z" duration-ms="1597" status="PASS">
          <reporter-output>
          </reporter-output>
        </test-method> <!-- postApiTest -->
      </class> <!-- com.qa.test.PostAPITest -->
    </test> <!-- Default test -->
  </suite> <!-- Default suite -->
</testng-results>
